LINE ADDR CONTENTS SOURCE LINE
  1.              	.equ	@,$000
  2.              	.equ	N, 6
  3.              
  4.  000 402017  loop:	jmp	check	; while (! (right < left))
  5.  001 00201C  check_end:	lda	left	;mid = (left + right) / 2
  6.  002 10201D  	ada	right
  7.  003 190002  	div#	2
  8.  004 04201E  	sta	mid
  9.              
 10.  005 01201E  	ldx	mid
 11.  006 004102  	lda+	sorted
 12.  007 20201F  	cma	target
 13.  008 48200B  	jeq	found
 14.  009 4D200F  	jgt	top
 15.  00A 4A2013  	jlt	bottom
 16.              
 17.  00B 000001  found:	lda#	1	; ACC = 1
 18.  00C 40201B  	jmp	end
 19.              
 20.  00D 000000  not_found:	lda#	0
 21.  00E 40201B  	jmp	end
 22.              
 23.  00F 00201E  top:	lda	mid	; right = mid - 1
 24.  010 140001  	sba#	1
 25.  011 04201D  	sta	right
 26.  012 402000  	jmp	loop
 27.              
 28.  013 00201E  bottom:	lda	mid
 29.  014 100001  	ada#	1
 30.  015 04201C  	sta	left
 31.  016 402000  	jmp	loop
 32.              
 33.  017 00201D  check:	lda	right
 34.  018 20201C  	cma	left
 35.  019 4A200D  	jlt	not_found
 36.  01A 402001  	jmp	check_end
 37.              
 38.  01B FFFFFF  end:	hlt
 39.  01C 000000  left:	.word	0
 40.  01D 000005  right:	.word	N - 1
 41.  01E 000000  mid:	.word	0
 42.  01F 00006D  target:	.word	109	; "user input"
 43.              	.equ	@,$100
 44.  100 000000  intValue:	.word	0
 45.  101 000006  arraySize:	.word	N
 46.  102 FFFEA7  sorted:	.word	-345	; $102
 47.  103 FFFF9E  	.word	-98	
 48.  104 00006D  	.word	109
 49.  105 000613  	.word	1555
 50.  106 0018BC  	.word	6332
 51.  107 0081AA  	.word	33194	; $107
 52.              	.end

                     SYMBOL TABLE CONTENTS

000101 = ARRAYSIZE       000013 = BOTTOM          000017 = CHECK           
000001 = CHECK_END       00001B = END             00000B = FOUND           
000100 = INTVALUE        00001C = LEFT            000000 = LOOP            
00001E = MID             000006 = N               00000D = NOT_FOUND       
00001D = RIGHT           000102 = SORTED          00001F = TARGET          
00000F = TOP             