LINE ADDR CONTENTS SOURCE LINE
  1.              ; nov28.csp
  2.              ; interrupts
  3.              	.equ	stackstart, $030
  4.              	.equ	enable_ints, $80
  5.              	.equ	kbd_ctrl, $000
  6.              	.equ	kbd_data, $001
  7.              	.equ	crt_data, $317
  8.              	.equ	ex_point, $21
  9.              
 10.  000 020030  	lds#	stackstart
 11.  001 000080  	lda#	enable_ints
 12.  002 712000  	outb	kbd_ctrl
 13.              	
 14.  003 FFF032  	sie	
 15.              
 16.  004 FFF038  loop:	nop			; most of hw7 goes in here
 17.  005 FFF038  	nop
 18.  006 FFF038  	nop
 19.  007 402004  	jmp	loop
 20.              
 21.  008 FFF010  kbd_int:	psha
 22.  009 702001  	inb	kbd_data		; clear keyboard buffer, grab char out of it
 23.  00A 000021  	lda#	ex_point
 24.  00B 712317  	outb	crt_data
 25.  00C FFF013  	popa
 26.  00D FFF041  	irtn
 27.              
 28.              .equ	@, $FF8
 29.  FF8 000008  	.word	kbd_int
 30.              

                     SYMBOL TABLE CONTENTS

000317 = CRT_DATA        000080 = ENABLE_INTS     000021 = EX_POINT        
000000 = KBD_CTRL        000001 = KBD_DATA        000008 = KBD_INT         
000004 = LOOP            000030 = STACKSTART      